[2025-05-03T05:06:40.211Z] [INFO] 正在启动WebSocket服务器...
[2025-05-03T05:06:40.215Z] [INFO] WebSocket地址: ws://localhost:9001
[2025-05-03T05:06:40.215Z] [INFO] 服务器启动时间: 2025-05-03T05:06:40.215Z
[2025-05-03T05:06:40.215Z] [INFO] WebSocket服务器已在端口 9001 上启动
[2025-05-03T05:06:40.212Z] [INFO] WebSocket服务器实例创建成功
[2025-05-03T05:06:41.064Z] [INFO] 新的客户端已连接，IP地址: ::1
[2025-05-03T05:06:41.065Z] [INFO] 已发送欢迎消息给客户端 ma7rg6co5phqr
[2025-05-03T05:06:41.064Z] [INFO] 当前客户端数量: 1
[2025-05-03T05:06:45.173Z] [INFO] HTTP请求: GET /status 来自 ::ffff:127.0.0.1
[2025-05-03T05:06:45.182Z] [INFO] 新的客户端已连接，IP地址: ::ffff:127.0.0.1
[2025-05-03T05:06:45.182Z] [INFO] 当前客户端数量: 2
[2025-05-03T05:06:45.182Z] [INFO] 已发送欢迎消息给客户端 ma7rg9j2g5e9j
[2025-05-03T05:06:46.195Z] [INFO] 收到消息 (来自 ::ffff:127.0.0.1, 客户端ID: ma7rg9j2g5e9j): {"type":"test","message":"Hello from check-websocket.js","time":"2025-05-03T05:06:46.193Z"}
[2025-05-03T05:06:46.196Z] [INFO] 广播消息完成: 成功 1 个客户端, 失败 0 个客户端
[2025-05-03T05:06:46.198Z] [INFO] 客户端 ::ffff:127.0.0.1 (ID: ma7rg9j2g5e9j) 已断开连接，代码: 1005，原因: 
[2025-05-03T05:06:46.198Z] [INFO] 客户端已移除，当前客户端数量: 1
[2025-05-03T05:06:46.199Z] [INFO] HTTP请求: POST /broadcast 来自 ::ffff:127.0.0.1
[2025-05-03T05:06:46.200Z] [INFO] 广播消息完成: 成功 1 个客户端, 失败 0 个客户端
[2025-05-03T05:06:46.200Z] [INFO] 消息已通过HTTP API广播: {"type":"test","message":"Testing broadcast API","source":"check-websocket.js","time":"2025-05-03T05:06:46.198Z"}
[2025-05-03T05:06:49.789Z] [INFO] 新的客户端已连接，IP地址: ::1
[2025-05-03T05:06:49.790Z] [INFO] 当前客户端数量: 2
[2025-05-03T05:06:49.790Z] [INFO] 已发送欢迎消息给客户端 ma7rgd323w03p
[2025-05-03T05:06:49.790Z] [INFO] 已发送历史消息给客户端 ma7rgd323w03p
[2025-05-03T05:07:00.706Z] [INFO] HTTP请求: GET /status 来自 ::1
[2025-05-03T05:07:30.699Z] [INFO] HTTP请求: GET /status 来自 ::1
[2025-05-03T05:07:42.693Z] [INFO] HTTP请求: GET /status 来自 ::1
[2025-05-03T05:07:47.589Z] [INFO] HTTP请求: GET /status 来自 ::1
[2025-05-03T05:07:48.264Z] [INFO] HTTP请求: GET /status 来自 ::1
[2025-05-03T05:08:12.688Z] [INFO] HTTP请求: GET /status 来自 ::1
[2025-05-03T05:08:28.411Z] [INFO] HTTP请求: GET /status 来自 ::ffff:127.0.0.1
[2025-05-03T05:08:28.417Z] [INFO] 新的客户端已连接，IP地址: ::ffff:127.0.0.1
[2025-05-03T05:08:28.417Z] [INFO] 当前客户端数量: 3
[2025-05-03T05:08:28.417Z] [INFO] 已发送历史消息给客户端 ma7rih6pwpj1b
[2025-05-03T05:08:28.418Z] [INFO] 已发送欢迎消息给客户端 ma7rih6pwpj1b
[2025-05-03T05:08:29.424Z] [INFO] 广播消息完成: 成功 2 个客户端, 失败 0 个客户端
[2025-05-03T05:08:29.424Z] [INFO] 收到消息 (来自 ::ffff:127.0.0.1, 客户端ID: ma7rih6pwpj1b): {"type":"test","message":"Hello from check-websocket.js","time":"2025-05-03T05:08:29.421Z"}
[2025-05-03T05:08:29.426Z] [INFO] 客户端 ::ffff:127.0.0.1 (ID: ma7rih6pwpj1b) 已断开连接，代码: 1005，原因: 
[2025-05-03T05:08:29.426Z] [INFO] 客户端已移除，当前客户端数量: 2
[2025-05-03T05:08:29.428Z] [INFO] HTTP请求: POST /broadcast 来自 ::ffff:127.0.0.1
[2025-05-03T05:08:29.428Z] [INFO] 广播消息完成: 成功 2 个客户端, 失败 0 个客户端
[2025-05-03T05:08:29.429Z] [INFO] 消息已通过HTTP API广播: {"type":"test","message":"Testing broadcast API","source":"check-websocket.js","time":"2025-05-03T05:08:29.425Z"}
[2025-05-03T05:08:40.197Z] [INFO] HTTP请求: GET /status 来自 ::ffff:127.0.0.1
[2025-05-03T05:08:40.203Z] [INFO] 新的客户端已连接，IP地址: ::ffff:127.0.0.1
[2025-05-03T05:08:40.203Z] [INFO] 当前客户端数量: 3
[2025-05-03T05:08:40.203Z] [INFO] 已发送历史消息给客户端 ma7riqa3hsvpa
[2025-05-03T05:08:40.204Z] [INFO] 已发送欢迎消息给客户端 ma7riqa3hsvpa
[2025-05-03T05:08:41.212Z] [INFO] 收到消息 (来自 ::ffff:127.0.0.1, 客户端ID: ma7riqa3hsvpa): {"type":"test","message":"Hello from check-websocket.js","time":"2025-05-03T05:08:41.210Z"}
[2025-05-03T05:08:41.212Z] [INFO] 广播消息完成: 成功 2 个客户端, 失败 0 个客户端
[2025-05-03T05:08:41.214Z] [INFO] 客户端 ::ffff:127.0.0.1 (ID: ma7riqa3hsvpa) 已断开连接，代码: 1005，原因: 
[2025-05-03T05:08:41.214Z] [INFO] 客户端已移除，当前客户端数量: 2
[2025-05-03T05:08:41.217Z] [INFO] HTTP请求: POST /broadcast 来自 ::ffff:127.0.0.1
[2025-05-03T05:08:41.218Z] [INFO] 广播消息完成: 成功 2 个客户端, 失败 0 个客户端
[2025-05-03T05:08:41.218Z] [INFO] 消息已通过HTTP API广播: {"type":"test","message":"Testing broadcast API","source":"check-websocket.js","time":"2025-05-03T05:08:41.214Z"}
[2025-05-03T05:08:42.695Z] [INFO] HTTP请求: GET /status 来自 ::1
[2025-05-03T05:09:13.138Z] [INFO] HTTP请求: GET /status 来自 ::1
[2025-05-03T05:09:43.135Z] [INFO] HTTP请求: GET /status 来自 ::1
[2025-05-03T05:10:13.133Z] [INFO] HTTP请求: GET /status 来自 ::1
[2025-05-03T05:10:53.135Z] [INFO] HTTP请求: GET /status 来自 ::1
[2025-05-03T05:11:06.730Z] [INFO] HTTP请求: GET /status 来自 ::ffff:127.0.0.1
[2025-05-03T05:11:06.736Z] [INFO] 新的客户端已连接，IP地址: ::ffff:127.0.0.1
[2025-05-03T05:11:06.736Z] [INFO] 当前客户端数量: 3
[2025-05-03T05:11:06.736Z] [INFO] 已发送历史消息给客户端 ma7rlvcgagv91
[2025-05-03T05:11:06.737Z] [INFO] 已发送欢迎消息给客户端 ma7rlvcgagv91
[2025-05-03T05:11:07.753Z] [INFO] 收到消息 (来自 ::ffff:127.0.0.1, 客户端ID: ma7rlvcgagv91): {"type":"test","message":"Hello from check-websocket.js","time":"2025-05-03T05:11:07.750Z"}
[2025-05-03T05:11:07.753Z] [INFO] 广播消息完成: 成功 2 个客户端, 失败 0 个客户端
[2025-05-03T05:11:07.754Z] [INFO] 客户端 ::ffff:127.0.0.1 (ID: ma7rlvcgagv91) 已断开连接，代码: 1005，原因: 
[2025-05-03T05:11:07.755Z] [INFO] 客户端已移除，当前客户端数量: 2
[2025-05-03T05:11:07.757Z] [INFO] HTTP请求: POST /broadcast 来自 ::ffff:127.0.0.1
[2025-05-03T05:11:07.758Z] [INFO] 广播消息完成: 成功 2 个客户端, 失败 0 个客户端
[2025-05-03T05:11:07.758Z] [INFO] 消息已通过HTTP API广播: {"type":"test","message":"Testing broadcast API","source":"check-websocket.js","time":"2025-05-03T05:11:07.755Z"}
[2025-05-03T05:12:25.315Z] [INFO] 正在启动WebSocket服务器...
[2025-05-03T05:12:25.316Z] [INFO] WebSocket服务器实例创建成功
[2025-05-03T05:12:25.319Z] [INFO] 服务器启动时间: 2025-05-03T05:12:25.319Z
[2025-05-03T05:12:25.319Z] [INFO] WebSocket服务器已在端口 9001 上启动
[2025-05-03T05:12:25.319Z] [INFO] WebSocket地址: ws://localhost:9001
[2025-05-03T05:12:30.185Z] [INFO] HTTP请求: GET /status 来自 ::1
[2025-05-03T05:12:31.791Z] [INFO] HTTP请求: GET /status 来自 ::1
[2025-05-03T05:12:32.390Z] [INFO] HTTP请求: GET /status 来自 ::1
[2025-05-03T05:12:32.853Z] [INFO] HTTP请求: GET /status 来自 ::1
[2025-05-03T05:12:33.144Z] [INFO] HTTP请求: GET /status 来自 ::1
[2025-05-03T05:12:33.304Z] [INFO] HTTP请求: GET /status 来自 ::1
[2025-05-03T05:12:41.856Z] [INFO] 新的客户端已连接，IP地址: ::1
[2025-05-03T05:12:41.856Z] [INFO] 当前客户端数量: 1
[2025-05-03T05:12:41.858Z] [INFO] 已发送欢迎消息给客户端 ma7rnwqoq8pza
[2025-05-03T05:12:44.791Z] [INFO] 客户端 ::1 (ID: ma7rnwqoq8pza) 已断开连接，代码: 1005，原因: 
[2025-05-03T05:12:44.791Z] [INFO] 客户端已移除，当前客户端数量: 0
[2025-05-03T05:12:44.804Z] [INFO] HTTP请求: GET /status 来自 ::1
[2025-05-03T05:12:46.858Z] [INFO] 当前客户端数量: 1
[2025-05-03T05:12:46.858Z] [INFO] 新的客户端已连接，IP地址: ::1
[2025-05-03T05:12:46.858Z] [INFO] 已发送欢迎消息给客户端 ma7ro0lmbmzzm
[2025-05-03T05:12:56.369Z] [INFO] 当前客户端数量: 2
[2025-05-03T05:12:56.369Z] [INFO] 新的客户端已连接，IP地址: ::1
[2025-05-03T05:12:56.369Z] [INFO] 已发送欢迎消息给客户端 ma7ro7xt7nk4d
[2025-05-03T05:13:08.530Z] [INFO] HTTP请求: POST /broadcast 来自 ::1
[2025-05-03T05:13:08.531Z] [INFO] 广播消息完成: 成功 2 个客户端, 失败 0 个客户端
[2025-05-03T05:13:08.531Z] [INFO] 消息已通过HTTP API广播: {"type":"scheduleData","data":"{\"fieldId\":\"test1\",\"dateTime\":\"2025-05-02 14:15:54\",\"taskId\":28,\"scheduleData\":{\"groupId\":11,\"taps\":\"[test, test2]\",\"pump\":\"test12\",\"fertilizer_Ap...
[2025-05-03T05:13:14.801Z] [INFO] HTTP请求: GET /status 来自 ::1
[2025-05-03T05:13:16.524Z] [INFO] 收到消息 (来自 ::1, 客户端ID: ma7ro7xt7nk4d): 111
[2025-05-03T05:13:16.525Z] [INFO] 广播消息完成: 成功 1 个客户端, 失败 0 个客户端
[2025-05-03T05:13:44.800Z] [INFO] HTTP请求: GET /status 来自 ::1
[2025-05-03T05:13:46.462Z] [INFO] 新的客户端已连接，IP地址: ::1
[2025-05-03T05:13:46.462Z] [INFO] 当前客户端数量: 3
[2025-05-03T05:13:46.463Z] [INFO] 已发送历史消息给客户端 ma7rpalaxniz1
[2025-05-03T05:13:46.463Z] [INFO] 已发送欢迎消息给客户端 ma7rpalaxniz1
[2025-05-03T05:58:31.384Z] [INFO] 正在启动WebSocket服务器...
[2025-05-03T05:58:31.385Z] [INFO] WebSocket服务器实例创建成功
[2025-05-03T05:58:31.389Z] [INFO] WebSocket服务器已在端口 9001 上启动
[2025-05-03T05:58:31.390Z] [INFO] 服务器启动时间: 2025-05-03T05:58:31.390Z
[2025-05-03T05:58:31.389Z] [INFO] WebSocket地址: ws://localhost:9001
[2025-05-03T05:58:40.083Z] [INFO] 新的客户端已连接，IP地址: ::1
[2025-05-03T05:58:40.084Z] [INFO] 当前客户端数量: 1
[2025-05-03T05:58:40.085Z] [INFO] 已发送欢迎消息给客户端 ma7tb104c282y
[2025-05-03T05:58:44.772Z] [INFO] 客户端 ::1 (ID: ma7tb104c282y) 已断开连接，代码: 1005，原因: 
[2025-05-03T05:58:44.772Z] [INFO] 客户端已移除，当前客户端数量: 0
[2025-05-03T05:58:44.783Z] [INFO] HTTP请求: GET /status 来自 ::1
[2025-05-03T05:58:46.664Z] [INFO] HTTP请求: GET /status 来自 ::1
[2025-05-03T05:58:47.439Z] [INFO] HTTP请求: GET /status 来自 ::1
[2025-05-03T05:58:47.713Z] [INFO] HTTP请求: GET /status 来自 ::1
[2025-05-03T05:58:47.858Z] [INFO] HTTP请求: GET /status 来自 ::1
[2025-05-03T05:58:55.073Z] [INFO] 新的客户端已连接，IP地址: ::1
[2025-05-03T05:58:55.074Z] [INFO] 当前客户端数量: 1
[2025-05-03T05:58:55.074Z] [INFO] 已发送欢迎消息给客户端 ma7tbckiu47v1
[2025-05-03T05:59:02.865Z] [INFO] HTTP请求: POST /broadcast 来自 ::1
[2025-05-03T05:59:02.866Z] [INFO] 广播消息完成: 成功 1 个客户端, 失败 0 个客户端
[2025-05-03T05:59:02.866Z] [INFO] 消息已通过HTTP API广播: {"type":"scheduleData","data":"{\"fieldId\":\"test1\",\"dateTime\":\"2025-05-02 14:15:54\",\"taskId\":28,\"scheduleData\":{\"groupId\":11,\"taps\":\"[test, test2]\",\"pump\":\"test12\",\"fertilizer_Ap...
[2025-05-03T05:59:45.129Z] [INFO] HTTP请求: GET /status 来自 ::1
[2025-05-03T06:00:45.134Z] [INFO] HTTP请求: GET /status 来自 ::1
[2025-05-03T06:01:45.142Z] [INFO] HTTP请求: GET /status 来自 ::1
[2025-05-03T06:02:45.140Z] [INFO] HTTP请求: GET /status 来自 ::1
[2025-05-03T06:03:21.014Z] [INFO] 客户端 ::1 (ID: ma7tbckiu47v1) 已断开连接，代码: 1001，原因: 
[2025-05-03T06:03:21.015Z] [INFO] 客户端已移除，当前客户端数量: 0
